151002 191637.919|CONFIG|AWT-EventQueue-0|setFileHandlers|Now logging to C:\Users\user\Desktop\pc2-contestant-2015\pc2-contestant-2015\bin\logs directory.
151002 191637.919|INFO|AWT-EventQueue-0|info|
151002 191637.920|INFO|AWT-EventQueue-0|info|Version 9.2.3 20120910 (Monday, September 10th 2012 16:20 UTC) Java ver 1.8.0_40 build 2565 Windows 8.1 6.3 (amd64) 
151002 191637.920|INFO|AWT-EventQueue-0|info|Login: team117 (aka team117)
151002 191637.920|INFO|AWT-EventQueue-0|startLog|Working directory is C:\Users\user\Desktop\pc2-contestant-2015\pc2-contestant-2015\bin
151002 191637.921|INFO|AWT-EventQueue-0|startLog|Process id is 1188@sec
151002 191637.922|INFO|AWT-EventQueue-0|info|Contacting server at 143.248.47.124:50002 as TEAM117 @ site 0
151002 191637.922|INFO|AWT-EventQueue-0|info|sendLoginRequest start - sending from TEAM117 @ site 0
151002 191637.928|INFO|AWT-EventQueue-0|sendToLocalServer|Sending packet to server Packet[LOGIN_REQUEST] #1 TEAM117 @ site 0 -> SERVER0 @ site 0
151002 191637.930|INFO|Thread-4|run|send(Serializable)
151002 191637.931|INFO|AWT-EventQueue-0|sendToLocalServer|Sent    packet to server Packet[LOGIN_REQUEST] #1 TEAM117 @ site 0 -> SERVER0 @ site 0
151002 191637.931|INFO|AWT-EventQueue-0|info|sendLoginRequest end - packet sent.
151002 191639.267|INFO|Thread-1|receive|public void receive(SealedObject TransportPacket, ConnectionHandlerID connectionHandlerID)
151002 191639.352|INFO|Thread-5|info| receiveObject(S) start got Packet[LOGIN_SUCCESS] #8097 SERVER0 @ site 1 -> TEAM117 @ site 1
151002 191639.352|INFO|Thread-5|dumpPacket|Packet LOGIN_SUCCESS (Seq #8097 ) recieveObject
151002 191639.353|INFO|Thread-5|dumpPacket|  From: SERVER0 @ site 1 (USER-PC @ 143.248.47.124) (Contest Id: Default--7823868139321406863)
151002 191639.353|INFO|Thread-5|dumpPacket|    To: TEAM117 @ site 1
151002 191639.353|INFO|Thread-5|dumpPacket|   key: ACCOUNT_ARRAY is: [Ledu.csus.ecs.pc2.core.model.Account; [Ledu.csus.ecs.pc2.core.model.Account;@11d5e081
151002 191639.353|INFO|Thread-5|dumpPacket|   key: GENERAL_PROBLEM is: edu.csus.ecs.pc2.core.model.Problem General
151002 191639.354|INFO|Thread-5|dumpPacket|   key: SERVER_CLOCK_OFFSET is: java.util.GregorianCalendar java.util.GregorianCalendar[time=1443780987025,areFieldsSet=true,areAllFieldsSet=false,lenient=true,zone=sun.util.calendar.ZoneInfo[id="GMT",offset=0,dstSavings=0,useDaylight=false,transitions=0,lastRule=null],firstDayOfWeek=1,minimalDaysInFirstWeek=1,ERA=1,YEAR=2015,MONTH=9,WEEK_OF_YEAR=40,WEEK_OF_MONTH=1,DAY_OF_MONTH=2,DAY_OF_YEAR=275,DAY_OF_WEEK=6,DAY_OF_WEEK_IN_MONTH=1,AM_PM=0,HOUR=10,HOUR_OF_DAY=10,MINUTE=16,SECOND=27,MILLISECOND=25,ZONE_OFFSET=0,DST_OFFSET=0]
151002 191639.354|INFO|Thread-5|dumpPacket|   key: JUDGEMENT_LIST is: [Ledu.csus.ecs.pc2.core.model.Judgement; [Ledu.csus.ecs.pc2.core.model.Judgement;@1f120ccb
151002 191639.354|INFO|Thread-5|dumpPacket|   key: PROBLEM_DATA_FILES is: [Ledu.csus.ecs.pc2.core.model.ProblemDataFiles; [Ledu.csus.ecs.pc2.core.model.ProblemDataFiles;@1b2d8bf1
151002 191639.355|INFO|Thread-5|dumpPacket|   key: LANGUAGE_LIST is: [Ledu.csus.ecs.pc2.core.model.Language; [Ledu.csus.ecs.pc2.core.model.Language;@5e2f06f0
151002 191639.355|INFO|Thread-5|dumpPacket|   key: PROFILE is: edu.csus.ecs.pc2.core.model.Profile Default--3013164084034500997
151002 191639.355|INFO|Thread-5|dumpPacket|   key: BALLOON_SETTINGS_LIST is: [Ledu.csus.ecs.pc2.core.model.BalloonSettings; [Ledu.csus.ecs.pc2.core.model.BalloonSettings;@60c0345c
151002 191639.355|INFO|Thread-5|dumpPacket|   key: REMOTE_LOGGED_IN_USERS is: [Ledu.csus.ecs.pc2.core.model.ClientId; [Ledu.csus.ecs.pc2.core.model.ClientId;@6f3b18db
151002 191639.355|INFO|Thread-5|dumpPacket|   key: CLARIFICATION_LIST is: [Ledu.csus.ecs.pc2.core.model.Clarification; [Ledu.csus.ecs.pc2.core.model.Clarification;@183e74ce
151002 191639.356|INFO|Thread-5|dumpPacket|   key: CONTEST_IDENTIFIER is: java.lang.String Default--7823868139321406863
151002 191639.356|INFO|Thread-5|dumpPacket|   key: PROBLEM_LIST is: [Ledu.csus.ecs.pc2.core.model.Problem; [Ledu.csus.ecs.pc2.core.model.Problem;@3e00f9bf
151002 191639.356|INFO|Thread-5|dumpPacket|   key: SITE_NUMBER is: java.lang.Integer 1
151002 191639.356|INFO|Thread-5|dumpPacket|   key: CLIENT_SETTINGS_LIST is: [Ledu.csus.ecs.pc2.core.model.ClientSettings; [Ledu.csus.ecs.pc2.core.model.ClientSettings;@5f0358f7
151002 191639.356|INFO|Thread-5|dumpPacket|   key: LOCAL_LOGGED_IN_USERS is: [Ledu.csus.ecs.pc2.core.model.ClientId; [Ledu.csus.ecs.pc2.core.model.ClientId;@68c97e0c
151002 191639.356|INFO|Thread-5|dumpPacket|   key: CLIENT_ID is: edu.csus.ecs.pc2.core.model.ClientId TEAM117 @ site 1
151002 191639.356|INFO|Thread-5|dumpPacket|   key: GROUP_LIST is: [Ledu.csus.ecs.pc2.core.model.Group; [Ledu.csus.ecs.pc2.core.model.Group;@33affdf
151002 191639.357|INFO|Thread-5|dumpPacket|   key: CONNECTION_HANDLE_ID_LIST is: [Ledu.csus.ecs.pc2.core.transport.ConnectionHandlerID; [Ledu.csus.ecs.pc2.core.transport.ConnectionHandlerID;@3a4e2306
151002 191639.357|INFO|Thread-5|dumpPacket|   key: CONTEST_TIME is: edu.csus.ecs.pc2.core.model.ContestTime edu.csus.ecs.pc2.core.model.ContestTime@7f4f0058
151002 191639.357|INFO|Thread-5|dumpPacket|   key: PROFILE_LIST is: [Ledu.csus.ecs.pc2.core.model.Profile; [Ledu.csus.ecs.pc2.core.model.Profile;@5cd538a3
151002 191639.357|INFO|Thread-5|dumpPacket|   key: CONTEST_TIME_LIST is: [Ledu.csus.ecs.pc2.core.model.ContestTime; [Ledu.csus.ecs.pc2.core.model.ContestTime;@845f0e1
151002 191639.357|INFO|Thread-5|dumpPacket|   key: CONTEST_INFORMATION is: edu.csus.ecs.pc2.core.model.ContestInformation edu.csus.ecs.pc2.core.model.ContestInformation@4358b4fc
151002 191639.357|INFO|Thread-5|dumpPacket|   key: SITE_LIST is: [Ledu.csus.ecs.pc2.core.model.Site; [Ledu.csus.ecs.pc2.core.model.Site;@4492310f
151002 191639.357|INFO|Thread-5|dumpPacket|   key: RUN_LIST is: [Ledu.csus.ecs.pc2.core.model.Run; [Ledu.csus.ecs.pc2.core.model.Run;@3177191e
151002 191639.357|INFO|Thread-5|info|handlePacket start Packet[LOGIN_SUCCESS] #8097 SERVER0 @ site 1 -> TEAM117 @ site 1
151002 191639.358|INFO|Thread-5|dumpPacket|Packet LOGIN_SUCCESS (Seq #8097 ) handlePacket
151002 191639.358|INFO|Thread-5|dumpPacket|  From: SERVER0 @ site 1 (USER-PC @ 143.248.47.124) (Contest Id: Default--7823868139321406863)
151002 191639.358|INFO|Thread-5|dumpPacket|    To: TEAM117 @ site 1
151002 191639.358|INFO|Thread-5|dumpPacket|   key: ACCOUNT_ARRAY is: [Ledu.csus.ecs.pc2.core.model.Account; [Ledu.csus.ecs.pc2.core.model.Account;@11d5e081
151002 191639.358|INFO|Thread-5|dumpPacket|   key: GENERAL_PROBLEM is: edu.csus.ecs.pc2.core.model.Problem General
151002 191639.358|INFO|Thread-5|dumpPacket|   key: SERVER_CLOCK_OFFSET is: java.util.GregorianCalendar java.util.GregorianCalendar[time=1443780987025,areFieldsSet=true,areAllFieldsSet=false,lenient=true,zone=sun.util.calendar.ZoneInfo[id="GMT",offset=0,dstSavings=0,useDaylight=false,transitions=0,lastRule=null],firstDayOfWeek=1,minimalDaysInFirstWeek=1,ERA=1,YEAR=2015,MONTH=9,WEEK_OF_YEAR=40,WEEK_OF_MONTH=1,DAY_OF_MONTH=2,DAY_OF_YEAR=275,DAY_OF_WEEK=6,DAY_OF_WEEK_IN_MONTH=1,AM_PM=0,HOUR=10,HOUR_OF_DAY=10,MINUTE=16,SECOND=27,MILLISECOND=25,ZONE_OFFSET=0,DST_OFFSET=0]
151002 191639.359|INFO|Thread-5|dumpPacket|   key: JUDGEMENT_LIST is: [Ledu.csus.ecs.pc2.core.model.Judgement; [Ledu.csus.ecs.pc2.core.model.Judgement;@1f120ccb
151002 191639.359|INFO|Thread-5|dumpPacket|   key: PROBLEM_DATA_FILES is: [Ledu.csus.ecs.pc2.core.model.ProblemDataFiles; [Ledu.csus.ecs.pc2.core.model.ProblemDataFiles;@1b2d8bf1
151002 191639.359|INFO|Thread-5|dumpPacket|   key: LANGUAGE_LIST is: [Ledu.csus.ecs.pc2.core.model.Language; [Ledu.csus.ecs.pc2.core.model.Language;@5e2f06f0
151002 191639.359|INFO|Thread-5|dumpPacket|   key: PROFILE is: edu.csus.ecs.pc2.core.model.Profile Default--3013164084034500997
151002 191639.359|INFO|Thread-5|dumpPacket|   key: BALLOON_SETTINGS_LIST is: [Ledu.csus.ecs.pc2.core.model.BalloonSettings; [Ledu.csus.ecs.pc2.core.model.BalloonSettings;@60c0345c
151002 191639.359|INFO|Thread-5|dumpPacket|   key: REMOTE_LOGGED_IN_USERS is: [Ledu.csus.ecs.pc2.core.model.ClientId; [Ledu.csus.ecs.pc2.core.model.ClientId;@6f3b18db
151002 191639.359|INFO|Thread-5|dumpPacket|   key: CLARIFICATION_LIST is: [Ledu.csus.ecs.pc2.core.model.Clarification; [Ledu.csus.ecs.pc2.core.model.Clarification;@183e74ce
151002 191639.360|INFO|Thread-5|dumpPacket|   key: CONTEST_IDENTIFIER is: java.lang.String Default--7823868139321406863
151002 191639.360|INFO|Thread-5|dumpPacket|   key: PROBLEM_LIST is: [Ledu.csus.ecs.pc2.core.model.Problem; [Ledu.csus.ecs.pc2.core.model.Problem;@3e00f9bf
151002 191639.360|INFO|Thread-5|dumpPacket|   key: SITE_NUMBER is: java.lang.Integer 1
151002 191639.360|INFO|Thread-5|dumpPacket|   key: CLIENT_SETTINGS_LIST is: [Ledu.csus.ecs.pc2.core.model.ClientSettings; [Ledu.csus.ecs.pc2.core.model.ClientSettings;@5f0358f7
151002 191639.360|INFO|Thread-5|dumpPacket|   key: LOCAL_LOGGED_IN_USERS is: [Ledu.csus.ecs.pc2.core.model.ClientId; [Ledu.csus.ecs.pc2.core.model.ClientId;@68c97e0c
151002 191639.360|INFO|Thread-5|dumpPacket|   key: CLIENT_ID is: edu.csus.ecs.pc2.core.model.ClientId TEAM117 @ site 1
151002 191639.360|INFO|Thread-5|dumpPacket|   key: GROUP_LIST is: [Ledu.csus.ecs.pc2.core.model.Group; [Ledu.csus.ecs.pc2.core.model.Group;@33affdf
151002 191639.360|INFO|Thread-5|dumpPacket|   key: CONNECTION_HANDLE_ID_LIST is: [Ledu.csus.ecs.pc2.core.transport.ConnectionHandlerID; [Ledu.csus.ecs.pc2.core.transport.ConnectionHandlerID;@3a4e2306
151002 191639.361|INFO|Thread-5|dumpPacket|   key: CONTEST_TIME is: edu.csus.ecs.pc2.core.model.ContestTime edu.csus.ecs.pc2.core.model.ContestTime@7f4f0058
151002 191639.361|INFO|Thread-5|dumpPacket|   key: PROFILE_LIST is: [Ledu.csus.ecs.pc2.core.model.Profile; [Ledu.csus.ecs.pc2.core.model.Profile;@5cd538a3
151002 191639.361|INFO|Thread-5|dumpPacket|   key: CONTEST_TIME_LIST is: [Ledu.csus.ecs.pc2.core.model.ContestTime; [Ledu.csus.ecs.pc2.core.model.ContestTime;@845f0e1
151002 191639.361|INFO|Thread-5|dumpPacket|   key: CONTEST_INFORMATION is: edu.csus.ecs.pc2.core.model.ContestInformation edu.csus.ecs.pc2.core.model.ContestInformation@4358b4fc
151002 191639.361|INFO|Thread-5|dumpPacket|   key: SITE_LIST is: [Ledu.csus.ecs.pc2.core.model.Site; [Ledu.csus.ecs.pc2.core.model.Site;@4492310f
151002 191639.361|INFO|Thread-5|dumpPacket|   key: RUN_LIST is: [Ledu.csus.ecs.pc2.core.model.Run; [Ledu.csus.ecs.pc2.core.model.Run;@3177191e
151002 191844.735|INFO|Thread-1|receive|public void receive(SealedObject TransportPacket, ConnectionHandlerID connectionHandlerID)
151002 192339.816|INFO|Thread-1|receive|public void receive(SealedObject TransportPacket, ConnectionHandlerID connectionHandlerID)
151002 192520.580|INFO|Thread-29|run|send(Serializable)
151002 192520.725|INFO|Thread-1|receive|public void receive(SealedObject TransportPacket, ConnectionHandlerID connectionHandlerID)
151002 193157.085|INFO|Thread-33|run|send(Serializable)
151002 193157.199|INFO|Thread-1|receive|public void receive(SealedObject TransportPacket, ConnectionHandlerID connectionHandlerID)
151002 193803.844|INFO|Thread-1|receive|public void receive(SealedObject TransportPacket, ConnectionHandlerID connectionHandlerID)
151002 193939.835|INFO|Thread-1|receive|public void receive(SealedObject TransportPacket, ConnectionHandlerID connectionHandlerID)
151002 195357.200|INFO|Thread-1|receive|public void receive(SealedObject TransportPacket, ConnectionHandlerID connectionHandlerID)
151002 195437.536|INFO|Thread-1|receive|public void receive(SealedObject TransportPacket, ConnectionHandlerID connectionHandlerID)
151002 195520.727|INFO|Thread-1|receive|public void receive(SealedObject TransportPacket, ConnectionHandlerID connectionHandlerID)
151002 195539.868|INFO|Thread-1|receive|public void receive(SealedObject TransportPacket, ConnectionHandlerID connectionHandlerID)
151002 195555.302|INFO|Thread-1|receive|public void receive(SealedObject TransportPacket, ConnectionHandlerID connectionHandlerID)
151002 195558.521|INFO|Thread-1|receive|public void receive(SealedObject TransportPacket, ConnectionHandlerID connectionHandlerID)
151002 200521.749|INFO|Thread-1|receive|public void receive(SealedObject TransportPacket, ConnectionHandlerID connectionHandlerID)
151002 200713.442|INFO|Thread-1|receive|public void receive(SealedObject TransportPacket, ConnectionHandlerID connectionHandlerID)
151002 204940.126|INFO|Thread-1|connectionDropped|connectionDropped(ConnectionHandlerID myConnectionID) 
151003 135702.277|CONFIG|AWT-EventQueue-0|setFileHandlers|Now logging to C:\Users\user\Desktop\pc2-contestant-2015\pc2-contestant-2015\bin\logs directory.
151003 135702.278|INFO|AWT-EventQueue-0|info|
151003 135702.278|INFO|AWT-EventQueue-0|info|Version 9.2.3 20120910 (Monday, September 10th 2012 16:20 UTC) Java ver 1.8.0_40 build 2565 Windows 8.1 6.3 (amd64) 
151003 135702.278|INFO|AWT-EventQueue-0|info|Login: team117 (aka team117)
151003 135702.279|INFO|AWT-EventQueue-0|startLog|Working directory is C:\Users\user\Desktop\pc2-contestant-2015\pc2-contestant-2015\bin
151003 135702.280|INFO|AWT-EventQueue-0|startLog|Process id is 15228@sec
151003 135702.281|INFO|AWT-EventQueue-0|info|Contacting server at 143.248.47.124:50002 as TEAM117 @ site 0
151003 135702.281|INFO|AWT-EventQueue-0|info|sendLoginRequest start - sending from TEAM117 @ site 0
151003 135702.293|INFO|AWT-EventQueue-0|sendToLocalServer|Sending packet to server Packet[LOGIN_REQUEST] #1 TEAM117 @ site 0 -> SERVER0 @ site 0
151003 135702.295|INFO|Thread-4|run|send(Serializable)
151003 135702.297|INFO|AWT-EventQueue-0|sendToLocalServer|Sent    packet to server Packet[LOGIN_REQUEST] #1 TEAM117 @ site 0 -> SERVER0 @ site 0
151003 135702.298|INFO|AWT-EventQueue-0|info|sendLoginRequest end - packet sent.
151003 135702.976|INFO|Thread-1|receive|public void receive(SealedObject TransportPacket, ConnectionHandlerID connectionHandlerID)
151003 135703.095|INFO|Thread-5|info| receiveObject(S) start got Packet[LOGIN_SUCCESS] #1961 SERVER0 @ site 1 -> TEAM117 @ site 1
151003 135703.096|INFO|Thread-5|dumpPacket|Packet LOGIN_SUCCESS (Seq #1961 ) recieveObject
151003 135703.096|INFO|Thread-5|dumpPacket|  From: SERVER0 @ site 1 (USER-PC @ 143.248.47.124) (Contest Id: Default-1780580425773851379)
151003 135703.096|INFO|Thread-5|dumpPacket|    To: TEAM117 @ site 1
151003 135703.097|INFO|Thread-5|dumpPacket|   key: ACCOUNT_ARRAY is: [Ledu.csus.ecs.pc2.core.model.Account; [Ledu.csus.ecs.pc2.core.model.Account;@67cd53c5
151003 135703.097|INFO|Thread-5|dumpPacket|   key: GENERAL_PROBLEM is: edu.csus.ecs.pc2.core.model.Problem General
151003 135703.098|INFO|Thread-5|dumpPacket|   key: SERVER_CLOCK_OFFSET is: java.util.GregorianCalendar java.util.GregorianCalendar[time=1443848200510,areFieldsSet=true,areAllFieldsSet=false,lenient=true,zone=sun.util.calendar.ZoneInfo[id="GMT",offset=0,dstSavings=0,useDaylight=false,transitions=0,lastRule=null],firstDayOfWeek=1,minimalDaysInFirstWeek=1,ERA=1,YEAR=2015,MONTH=9,WEEK_OF_YEAR=40,WEEK_OF_MONTH=1,DAY_OF_MONTH=3,DAY_OF_YEAR=276,DAY_OF_WEEK=7,DAY_OF_WEEK_IN_MONTH=1,AM_PM=0,HOUR=4,HOUR_OF_DAY=4,MINUTE=56,SECOND=40,MILLISECOND=510,ZONE_OFFSET=0,DST_OFFSET=0]
151003 135703.098|INFO|Thread-5|dumpPacket|   key: JUDGEMENT_LIST is: [Ledu.csus.ecs.pc2.core.model.Judgement; [Ledu.csus.ecs.pc2.core.model.Judgement;@690ab14c
151003 135703.098|INFO|Thread-5|dumpPacket|   key: PROBLEM_DATA_FILES is: [Ledu.csus.ecs.pc2.core.model.ProblemDataFiles; [Ledu.csus.ecs.pc2.core.model.ProblemDataFiles;@6d3538b5
151003 135703.099|INFO|Thread-5|dumpPacket|   key: LANGUAGE_LIST is: [Ledu.csus.ecs.pc2.core.model.Language; [Ledu.csus.ecs.pc2.core.model.Language;@2837bb77
151003 135703.099|INFO|Thread-5|dumpPacket|   key: PROFILE is: edu.csus.ecs.pc2.core.model.Profile Default-1117544730167305316
151003 135703.099|INFO|Thread-5|dumpPacket|   key: BALLOON_SETTINGS_LIST is: [Ledu.csus.ecs.pc2.core.model.BalloonSettings; [Ledu.csus.ecs.pc2.core.model.BalloonSettings;@25e996cf
151003 135703.099|INFO|Thread-5|dumpPacket|   key: REMOTE_LOGGED_IN_USERS is: [Ledu.csus.ecs.pc2.core.model.ClientId; [Ledu.csus.ecs.pc2.core.model.ClientId;@1955d3ef
151003 135703.100|INFO|Thread-5|dumpPacket|   key: CLARIFICATION_LIST is: [Ledu.csus.ecs.pc2.core.model.Clarification; [Ledu.csus.ecs.pc2.core.model.Clarification;@5d61a0e0
151003 135703.100|INFO|Thread-5|dumpPacket|   key: CONTEST_IDENTIFIER is: java.lang.String Default-1780580425773851379
151003 135703.100|INFO|Thread-5|dumpPacket|   key: PROBLEM_LIST is: [Ledu.csus.ecs.pc2.core.model.Problem; [Ledu.csus.ecs.pc2.core.model.Problem;@48184438
151003 135703.101|INFO|Thread-5|dumpPacket|   key: SITE_NUMBER is: java.lang.Integer 1
151003 135703.101|INFO|Thread-5|dumpPacket|   key: CLIENT_SETTINGS_LIST is: [Ledu.csus.ecs.pc2.core.model.ClientSettings; [Ledu.csus.ecs.pc2.core.model.ClientSettings;@21aeec1a
151003 135703.101|INFO|Thread-5|dumpPacket|   key: LOCAL_LOGGED_IN_USERS is: [Ledu.csus.ecs.pc2.core.model.ClientId; [Ledu.csus.ecs.pc2.core.model.ClientId;@1653896b
151003 135703.102|INFO|Thread-5|dumpPacket|   key: CLIENT_ID is: edu.csus.ecs.pc2.core.model.ClientId TEAM117 @ site 1
151003 135703.102|INFO|Thread-5|dumpPacket|   key: GROUP_LIST is: [Ledu.csus.ecs.pc2.core.model.Group; [Ledu.csus.ecs.pc2.core.model.Group;@46654de1
151003 135703.102|INFO|Thread-5|dumpPacket|   key: CONNECTION_HANDLE_ID_LIST is: [Ledu.csus.ecs.pc2.core.transport.ConnectionHandlerID; [Ledu.csus.ecs.pc2.core.transport.ConnectionHandlerID;@4c56f891
151003 135703.103|INFO|Thread-5|dumpPacket|   key: CONTEST_TIME is: edu.csus.ecs.pc2.core.model.ContestTime edu.csus.ecs.pc2.core.model.ContestTime@1ace033d
151003 135703.103|INFO|Thread-5|dumpPacket|   key: PROFILE_LIST is: [Ledu.csus.ecs.pc2.core.model.Profile; [Ledu.csus.ecs.pc2.core.model.Profile;@105cc9de
151003 135703.103|INFO|Thread-5|dumpPacket|   key: CONTEST_TIME_LIST is: [Ledu.csus.ecs.pc2.core.model.ContestTime; [Ledu.csus.ecs.pc2.core.model.ContestTime;@7c3a9471
151003 135703.104|INFO|Thread-5|dumpPacket|   key: CONTEST_INFORMATION is: edu.csus.ecs.pc2.core.model.ContestInformation edu.csus.ecs.pc2.core.model.ContestInformation@7536917
151003 135703.104|INFO|Thread-5|dumpPacket|   key: SITE_LIST is: [Ledu.csus.ecs.pc2.core.model.Site; [Ledu.csus.ecs.pc2.core.model.Site;@6dee552b
151003 135703.104|INFO|Thread-5|dumpPacket|   key: RUN_LIST is: [Ledu.csus.ecs.pc2.core.model.Run; [Ledu.csus.ecs.pc2.core.model.Run;@1b8a7371
151003 135703.105|INFO|Thread-5|info|handlePacket start Packet[LOGIN_SUCCESS] #1961 SERVER0 @ site 1 -> TEAM117 @ site 1
151003 135703.105|INFO|Thread-5|dumpPacket|Packet LOGIN_SUCCESS (Seq #1961 ) handlePacket
151003 135703.105|INFO|Thread-5|dumpPacket|  From: SERVER0 @ site 1 (USER-PC @ 143.248.47.124) (Contest Id: Default-1780580425773851379)
151003 135703.106|INFO|Thread-5|dumpPacket|    To: TEAM117 @ site 1
151003 135703.106|INFO|Thread-5|dumpPacket|   key: ACCOUNT_ARRAY is: [Ledu.csus.ecs.pc2.core.model.Account; [Ledu.csus.ecs.pc2.core.model.Account;@67cd53c5
151003 135703.106|INFO|Thread-5|dumpPacket|   key: GENERAL_PROBLEM is: edu.csus.ecs.pc2.core.model.Problem General
151003 135703.106|INFO|Thread-5|dumpPacket|   key: SERVER_CLOCK_OFFSET is: java.util.GregorianCalendar java.util.GregorianCalendar[time=1443848200510,areFieldsSet=true,areAllFieldsSet=false,lenient=true,zone=sun.util.calendar.ZoneInfo[id="GMT",offset=0,dstSavings=0,useDaylight=false,transitions=0,lastRule=null],firstDayOfWeek=1,minimalDaysInFirstWeek=1,ERA=1,YEAR=2015,MONTH=9,WEEK_OF_YEAR=40,WEEK_OF_MONTH=1,DAY_OF_MONTH=3,DAY_OF_YEAR=276,DAY_OF_WEEK=7,DAY_OF_WEEK_IN_MONTH=1,AM_PM=0,HOUR=4,HOUR_OF_DAY=4,MINUTE=56,SECOND=40,MILLISECOND=510,ZONE_OFFSET=0,DST_OFFSET=0]
151003 135703.107|INFO|Thread-5|dumpPacket|   key: JUDGEMENT_LIST is: [Ledu.csus.ecs.pc2.core.model.Judgement; [Ledu.csus.ecs.pc2.core.model.Judgement;@690ab14c
151003 135703.107|INFO|Thread-5|dumpPacket|   key: PROBLEM_DATA_FILES is: [Ledu.csus.ecs.pc2.core.model.ProblemDataFiles; [Ledu.csus.ecs.pc2.core.model.ProblemDataFiles;@6d3538b5
151003 135703.108|INFO|Thread-5|dumpPacket|   key: LANGUAGE_LIST is: [Ledu.csus.ecs.pc2.core.model.Language; [Ledu.csus.ecs.pc2.core.model.Language;@2837bb77
151003 135703.108|INFO|Thread-5|dumpPacket|   key: PROFILE is: edu.csus.ecs.pc2.core.model.Profile Default-1117544730167305316
151003 135703.108|INFO|Thread-5|dumpPacket|   key: BALLOON_SETTINGS_LIST is: [Ledu.csus.ecs.pc2.core.model.BalloonSettings; [Ledu.csus.ecs.pc2.core.model.BalloonSettings;@25e996cf
151003 135703.109|INFO|Thread-5|dumpPacket|   key: REMOTE_LOGGED_IN_USERS is: [Ledu.csus.ecs.pc2.core.model.ClientId; [Ledu.csus.ecs.pc2.core.model.ClientId;@1955d3ef
151003 135703.109|INFO|Thread-5|dumpPacket|   key: CLARIFICATION_LIST is: [Ledu.csus.ecs.pc2.core.model.Clarification; [Ledu.csus.ecs.pc2.core.model.Clarification;@5d61a0e0
151003 135703.109|INFO|Thread-5|dumpPacket|   key: CONTEST_IDENTIFIER is: java.lang.String Default-1780580425773851379
151003 135703.110|INFO|Thread-5|dumpPacket|   key: PROBLEM_LIST is: [Ledu.csus.ecs.pc2.core.model.Problem; [Ledu.csus.ecs.pc2.core.model.Problem;@48184438
151003 135703.110|INFO|Thread-5|dumpPacket|   key: SITE_NUMBER is: java.lang.Integer 1
151003 135703.110|INFO|Thread-5|dumpPacket|   key: CLIENT_SETTINGS_LIST is: [Ledu.csus.ecs.pc2.core.model.ClientSettings; [Ledu.csus.ecs.pc2.core.model.ClientSettings;@21aeec1a
151003 135703.110|INFO|Thread-5|dumpPacket|   key: LOCAL_LOGGED_IN_USERS is: [Ledu.csus.ecs.pc2.core.model.ClientId; [Ledu.csus.ecs.pc2.core.model.ClientId;@1653896b
151003 135703.111|INFO|Thread-5|dumpPacket|   key: CLIENT_ID is: edu.csus.ecs.pc2.core.model.ClientId TEAM117 @ site 1
151003 135703.111|INFO|Thread-5|dumpPacket|   key: GROUP_LIST is: [Ledu.csus.ecs.pc2.core.model.Group; [Ledu.csus.ecs.pc2.core.model.Group;@46654de1
151003 135703.111|INFO|Thread-5|dumpPacket|   key: CONNECTION_HANDLE_ID_LIST is: [Ledu.csus.ecs.pc2.core.transport.ConnectionHandlerID; [Ledu.csus.ecs.pc2.core.transport.ConnectionHandlerID;@4c56f891
151003 135703.111|INFO|Thread-5|dumpPacket|   key: CONTEST_TIME is: edu.csus.ecs.pc2.core.model.ContestTime edu.csus.ecs.pc2.core.model.ContestTime@1ace033d
151003 135703.112|INFO|Thread-5|dumpPacket|   key: PROFILE_LIST is: [Ledu.csus.ecs.pc2.core.model.Profile; [Ledu.csus.ecs.pc2.core.model.Profile;@105cc9de
151003 135703.112|INFO|Thread-5|dumpPacket|   key: CONTEST_TIME_LIST is: [Ledu.csus.ecs.pc2.core.model.ContestTime; [Ledu.csus.ecs.pc2.core.model.ContestTime;@7c3a9471
151003 135703.112|INFO|Thread-5|dumpPacket|   key: CONTEST_INFORMATION is: edu.csus.ecs.pc2.core.model.ContestInformation edu.csus.ecs.pc2.core.model.ContestInformation@7536917
151003 135703.113|INFO|Thread-5|dumpPacket|   key: SITE_LIST is: [Ledu.csus.ecs.pc2.core.model.Site; [Ledu.csus.ecs.pc2.core.model.Site;@6dee552b
151003 135703.113|INFO|Thread-5|dumpPacket|   key: RUN_LIST is: [Ledu.csus.ecs.pc2.core.model.Run; [Ledu.csus.ecs.pc2.core.model.Run;@1b8a7371
151003 140028.377|INFO|Thread-1|receive|public void receive(SealedObject TransportPacket, ConnectionHandlerID connectionHandlerID)
151003 142406.921|INFO|Thread-10|run|send(Serializable)
151003 142407.468|INFO|Thread-1|receive|public void receive(SealedObject TransportPacket, ConnectionHandlerID connectionHandlerID)
151003 142514.614|INFO|Thread-1|receive|public void receive(SealedObject TransportPacket, ConnectionHandlerID connectionHandlerID)
151003 142807.827|INFO|Thread-13|run|send(Serializable)
151003 142808.797|INFO|Thread-1|receive|public void receive(SealedObject TransportPacket, ConnectionHandlerID connectionHandlerID)
151003 142847.604|INFO|Thread-1|receive|public void receive(SealedObject TransportPacket, ConnectionHandlerID connectionHandlerID)
151003 144556.103|INFO|Thread-1|receive|public void receive(SealedObject TransportPacket, ConnectionHandlerID connectionHandlerID)
151003 145328.912|INFO|Thread-1|receive|public void receive(SealedObject TransportPacket, ConnectionHandlerID connectionHandlerID)
151003 151542.396|INFO|Thread-1|receive|public void receive(SealedObject TransportPacket, ConnectionHandlerID connectionHandlerID)
151003 151705.720|INFO|Thread-19|run|send(Serializable)
151003 151706.548|INFO|Thread-1|receive|public void receive(SealedObject TransportPacket, ConnectionHandlerID connectionHandlerID)
151003 154913.316|INFO|Thread-21|run|send(Serializable)
151003 154913.472|INFO|Thread-1|receive|public void receive(SealedObject TransportPacket, ConnectionHandlerID connectionHandlerID)
151003 155121.774|INFO|Thread-1|receive|public void receive(SealedObject TransportPacket, ConnectionHandlerID connectionHandlerID)
151003 155212.032|INFO|Thread-1|receive|public void receive(SealedObject TransportPacket, ConnectionHandlerID connectionHandlerID)
151003 155823.018|INFO|Thread-1|receive|public void receive(SealedObject TransportPacket, ConnectionHandlerID connectionHandlerID)
151003 160218.275|INFO|Thread-1|receive|public void receive(SealedObject TransportPacket, ConnectionHandlerID connectionHandlerID)
151003 160248.747|INFO|Thread-27|run|send(Serializable)
151003 160248.872|INFO|Thread-1|receive|public void receive(SealedObject TransportPacket, ConnectionHandlerID connectionHandlerID)
151003 160306.076|INFO|Thread-1|receive|public void receive(SealedObject TransportPacket, ConnectionHandlerID connectionHandlerID)
151003 160351.693|INFO|Thread-32|run|send(Serializable)
151003 160351.818|INFO|Thread-1|receive|public void receive(SealedObject TransportPacket, ConnectionHandlerID connectionHandlerID)
151003 160400.943|INFO|Thread-1|receive|public void receive(SealedObject TransportPacket, ConnectionHandlerID connectionHandlerID)
151003 161031.279|INFO|Thread-1|receive|public void receive(SealedObject TransportPacket, ConnectionHandlerID connectionHandlerID)
151003 161708.506|INFO|Thread-1|receive|public void receive(SealedObject TransportPacket, ConnectionHandlerID connectionHandlerID)
151003 162127.693|INFO|Thread-1|receive|public void receive(SealedObject TransportPacket, ConnectionHandlerID connectionHandlerID)
151003 162747.623|INFO|Thread-1|receive|public void receive(SealedObject TransportPacket, ConnectionHandlerID connectionHandlerID)
151003 162750.154|INFO|Thread-39|run|send(Serializable)
151003 162750.389|INFO|Thread-1|receive|public void receive(SealedObject TransportPacket, ConnectionHandlerID connectionHandlerID)
151003 162822.146|INFO|Thread-1|receive|public void receive(SealedObject TransportPacket, ConnectionHandlerID connectionHandlerID)
151003 162907.937|INFO|Thread-1|receive|public void receive(SealedObject TransportPacket, ConnectionHandlerID connectionHandlerID)
151003 162935.914|INFO|Thread-43|run|send(Serializable)
151003 162936.313|INFO|Thread-1|receive|public void receive(SealedObject TransportPacket, ConnectionHandlerID connectionHandlerID)
151003 163016.534|INFO|Thread-1|receive|public void receive(SealedObject TransportPacket, ConnectionHandlerID connectionHandlerID)
151003 163053.965|INFO|Thread-46|run|send(Serializable)
151003 163054.170|INFO|Thread-1|receive|public void receive(SealedObject TransportPacket, ConnectionHandlerID connectionHandlerID)
151003 163152.233|INFO|Thread-1|receive|public void receive(SealedObject TransportPacket, ConnectionHandlerID connectionHandlerID)
151003 163231.271|INFO|Thread-49|run|send(Serializable)
151003 163231.516|INFO|Thread-1|receive|public void receive(SealedObject TransportPacket, ConnectionHandlerID connectionHandlerID)
151003 163305.460|INFO|Thread-1|receive|public void receive(SealedObject TransportPacket, ConnectionHandlerID connectionHandlerID)
151003 163321.360|INFO|Thread-52|run|send(Serializable)
151003 163324.341|INFO|Thread-1|receive|public void receive(SealedObject TransportPacket, ConnectionHandlerID connectionHandlerID)
151003 163516.244|INFO|Thread-1|receive|public void receive(SealedObject TransportPacket, ConnectionHandlerID connectionHandlerID)
151003 163533.437|INFO|Thread-55|run|send(Serializable)
151003 163533.749|INFO|Thread-1|receive|public void receive(SealedObject TransportPacket, ConnectionHandlerID connectionHandlerID)
151003 163635.721|INFO|Thread-1|receive|public void receive(SealedObject TransportPacket, ConnectionHandlerID connectionHandlerID)
151003 163654.001|INFO|Thread-58|run|send(Serializable)
151003 163654.298|INFO|Thread-1|receive|public void receive(SealedObject TransportPacket, ConnectionHandlerID connectionHandlerID)
151003 163709.755|INFO|Thread-1|receive|public void receive(SealedObject TransportPacket, ConnectionHandlerID connectionHandlerID)
151003 163727.518|INFO|Thread-61|run|send(Serializable)
151003 163727.908|INFO|Thread-1|receive|public void receive(SealedObject TransportPacket, ConnectionHandlerID connectionHandlerID)
151003 163735.827|INFO|Thread-1|receive|public void receive(SealedObject TransportPacket, ConnectionHandlerID connectionHandlerID)
151003 163751.277|INFO|Thread-64|run|send(Serializable)
151003 163751.525|INFO|Thread-1|receive|public void receive(SealedObject TransportPacket, ConnectionHandlerID connectionHandlerID)
151003 163821.250|INFO|Thread-1|receive|public void receive(SealedObject TransportPacket, ConnectionHandlerID connectionHandlerID)
151003 163851.499|INFO|Thread-67|run|send(Serializable)
151003 163851.659|INFO|Thread-1|receive|public void receive(SealedObject TransportPacket, ConnectionHandlerID connectionHandlerID)
151003 163908.380|INFO|Thread-1|receive|public void receive(SealedObject TransportPacket, ConnectionHandlerID connectionHandlerID)
151003 163927.238|INFO|Thread-70|run|send(Serializable)
151003 163927.410|INFO|Thread-1|receive|public void receive(SealedObject TransportPacket, ConnectionHandlerID connectionHandlerID)
151003 163946.947|INFO|Thread-1|receive|public void receive(SealedObject TransportPacket, ConnectionHandlerID connectionHandlerID)
151003 164011.095|INFO|Thread-73|run|send(Serializable)
151003 164012.794|INFO|Thread-1|receive|public void receive(SealedObject TransportPacket, ConnectionHandlerID connectionHandlerID)
151003 164021.031|INFO|Thread-1|receive|public void receive(SealedObject TransportPacket, ConnectionHandlerID connectionHandlerID)
151003 164100.145|INFO|Thread-76|run|send(Serializable)
151003 164100.395|INFO|Thread-1|receive|public void receive(SealedObject TransportPacket, ConnectionHandlerID connectionHandlerID)
151003 164121.414|INFO|Thread-1|receive|public void receive(SealedObject TransportPacket, ConnectionHandlerID connectionHandlerID)
151003 164222.723|INFO|Thread-79|run|send(Serializable)
151003 164226.716|INFO|Thread-1|receive|public void receive(SealedObject TransportPacket, ConnectionHandlerID connectionHandlerID)
151003 164241.175|INFO|Thread-1|receive|public void receive(SealedObject TransportPacket, ConnectionHandlerID connectionHandlerID)
151003 164258.934|INFO|Thread-82|run|send(Serializable)
151003 164259.543|INFO|Thread-1|receive|public void receive(SealedObject TransportPacket, ConnectionHandlerID connectionHandlerID)
151003 164354.487|INFO|Thread-1|receive|public void receive(SealedObject TransportPacket, ConnectionHandlerID connectionHandlerID)
151003 164418.410|INFO|Thread-85|run|send(Serializable)
151003 164419.519|INFO|Thread-1|receive|public void receive(SealedObject TransportPacket, ConnectionHandlerID connectionHandlerID)
151003 164434.281|INFO|Thread-1|receive|public void receive(SealedObject TransportPacket, ConnectionHandlerID connectionHandlerID)
151003 164453.726|INFO|Thread-88|run|send(Serializable)
151003 164454.008|INFO|Thread-1|receive|public void receive(SealedObject TransportPacket, ConnectionHandlerID connectionHandlerID)
151003 164516.308|INFO|Thread-1|receive|public void receive(SealedObject TransportPacket, ConnectionHandlerID connectionHandlerID)
151003 164538.676|INFO|Thread-91|run|send(Serializable)
151003 164538.942|INFO|Thread-1|receive|public void receive(SealedObject TransportPacket, ConnectionHandlerID connectionHandlerID)
151003 164550.674|INFO|Thread-1|receive|public void receive(SealedObject TransportPacket, ConnectionHandlerID connectionHandlerID)
151003 164605.974|INFO|Thread-94|run|send(Serializable)
151003 164606.458|INFO|Thread-1|receive|public void receive(SealedObject TransportPacket, ConnectionHandlerID connectionHandlerID)
151003 164617.292|INFO|Thread-1|receive|public void receive(SealedObject TransportPacket, ConnectionHandlerID connectionHandlerID)
151003 164634.276|INFO|Thread-97|run|send(Serializable)
151003 164634.573|INFO|Thread-1|receive|public void receive(SealedObject TransportPacket, ConnectionHandlerID connectionHandlerID)
151003 164718.382|INFO|Thread-1|receive|public void receive(SealedObject TransportPacket, ConnectionHandlerID connectionHandlerID)
151003 164731.211|INFO|Thread-100|run|send(Serializable)
151003 164732.332|INFO|Thread-1|receive|public void receive(SealedObject TransportPacket, ConnectionHandlerID connectionHandlerID)
151003 164817.229|INFO|Thread-1|receive|public void receive(SealedObject TransportPacket, ConnectionHandlerID connectionHandlerID)
151003 164839.697|INFO|Thread-103|run|send(Serializable)
151003 164840.150|INFO|Thread-1|receive|public void receive(SealedObject TransportPacket, ConnectionHandlerID connectionHandlerID)
151003 164909.338|INFO|Thread-1|receive|public void receive(SealedObject TransportPacket, ConnectionHandlerID connectionHandlerID)
151003 165016.207|INFO|Thread-106|run|send(Serializable)
151003 165016.410|INFO|Thread-1|receive|public void receive(SealedObject TransportPacket, ConnectionHandlerID connectionHandlerID)
151003 165027.438|INFO|Thread-1|receive|public void receive(SealedObject TransportPacket, ConnectionHandlerID connectionHandlerID)
151003 165044.677|INFO|Thread-109|run|send(Serializable)
151003 165044.974|INFO|Thread-1|receive|public void receive(SealedObject TransportPacket, ConnectionHandlerID connectionHandlerID)
151003 165136.695|INFO|Thread-1|receive|public void receive(SealedObject TransportPacket, ConnectionHandlerID connectionHandlerID)
151003 165148.921|INFO|Thread-112|run|send(Serializable)
151003 165149.436|INFO|Thread-1|receive|public void receive(SealedObject TransportPacket, ConnectionHandlerID connectionHandlerID)
151003 165234.537|INFO|Thread-1|receive|public void receive(SealedObject TransportPacket, ConnectionHandlerID connectionHandlerID)
151003 165315.659|INFO|Thread-115|run|send(Serializable)
151003 165316.143|INFO|Thread-1|receive|public void receive(SealedObject TransportPacket, ConnectionHandlerID connectionHandlerID)
151003 165441.762|INFO|Thread-1|receive|public void receive(SealedObject TransportPacket, ConnectionHandlerID connectionHandlerID)
151003 165511.765|INFO|Thread-118|run|send(Serializable)
151003 165512.163|INFO|Thread-1|receive|public void receive(SealedObject TransportPacket, ConnectionHandlerID connectionHandlerID)
151003 165541.546|INFO|Thread-1|receive|public void receive(SealedObject TransportPacket, ConnectionHandlerID connectionHandlerID)
151003 165600.819|INFO|Thread-121|run|send(Serializable)
151003 165601.178|INFO|Thread-1|receive|public void receive(SealedObject TransportPacket, ConnectionHandlerID connectionHandlerID)
151003 165629.408|INFO|Thread-1|receive|public void receive(SealedObject TransportPacket, ConnectionHandlerID connectionHandlerID)
151003 181506.237|INFO|Thread-1|connectionDropped|connectionDropped(ConnectionHandlerID myConnectionID) 
